#-----------------------------------------------------------
# Vivado v2020.2 (64-bit)
# SW Build 3064766 on Wed Nov 18 09:12:45 MST 2020
# IP Build 3064653 on Wed Nov 18 14:17:31 MST 2020
# Start of session at: Mon May  3 15:43:20 2021
# Process ID: 1180
# Current directory: C:/Users/Petr/Documents/Dvorak/Digital-electronics-1/Labs/Projekt/Projekt
# Command line: vivado.exe -gui_launcher_event rodinguilauncherevent8764 C:\Users\Petr\Documents\Dvorak\Digital-electronics-1\Labs\Projekt\Projekt\Projekt.xpr
# Log file: C:/Users/Petr/Documents/Dvorak/Digital-electronics-1/Labs/Projekt/Projekt/vivado.log
# Journal file: C:/Users/Petr/Documents/Dvorak/Digital-electronics-1/Labs/Projekt/Projekt\vivado.jou
#-----------------------------------------------------------
start_gui
open_project C:/Users/Petr/Documents/Dvorak/Digital-electronics-1/Labs/Projekt/Projekt/Projekt.xpr
WARNING: [filemgmt 56-3] Default IP Output Path : Could not find the directory 'C:/Users/Petr/Documents/Dvorak/Digital-electronics-1/Labs/Projekt/Projekt/Projekt.gen/sources_1'.
Scanning sources...
Finished scanning sources
INFO: [IP_Flow 19-234] Refreshing IP repositories
INFO: [IP_Flow 19-1704] No user IP repositories specified
INFO: [IP_Flow 19-2313] Loaded Vivado IP repository 'E:/Xilinx/Vivado/2020.2/data/ip'.
open_project: Time (s): cpu = 00:00:12 ; elapsed = 00:00:06 . Memory (MB): peak = 1004.914 ; gain = 0.000
update_compile_order -fileset sources_1
exit
INFO: [Common 17-206] Exiting Vivado at Mon May  3 15:44:26 2021...
