#-----------------------------------------------------------
# Vivado v2020.2 (64-bit)
# SW Build 3064766 on Wed Nov 18 09:12:45 MST 2020
# IP Build 3064653 on Wed Nov 18 14:17:31 MST 2020
# Start of session at: Sun May  2 16:47:52 2021
# Process ID: 8716
# Current directory: C:/Users/Petr/Documents/Dvorak/Digital-electronics-1/Labs/Projekt/Projekt/Projekt
# Command line: vivado.exe -gui_launcher_event rodinguilauncherevent7344 C:\Users\Petr\Documents\Dvorak\Digital-electronics-1\Labs\Projekt\Projekt\Projekt\Projekt.xpr
# Log file: C:/Users/Petr/Documents/Dvorak/Digital-electronics-1/Labs/Projekt/Projekt/Projekt/vivado.log
# Journal file: C:/Users/Petr/Documents/Dvorak/Digital-electronics-1/Labs/Projekt/Projekt/Projekt\vivado.jou
#-----------------------------------------------------------
start_gui
open_project C:/Users/Petr/Documents/Dvorak/Digital-electronics-1/Labs/Projekt/Projekt/Projekt/Projekt.xpr
INFO: [ProjectBase 1-489] The host OS only allows 260 characters in a normal path. The project is stored in a path with more than 80 characters. If you experience issues with IP, Block Designs, or files not being found, please consider moving the project to a location with a shorter path. Alternately consider using the OS subst command to map part of the path to a drive letter.
Current project path is 'C:/Users/Petr/Documents/Dvorak/Digital-electronics-1/Labs/Projekt/Projekt/Projekt'
WARNING: [filemgmt 56-3] Default IP Output Path : Could not find the directory 'C:/Users/Petr/Documents/Dvorak/Digital-electronics-1/Labs/Projekt/Projekt/Projekt/Projekt.gen/sources_1'.
CRITICAL WARNING: [Project 1-19] Could not find the file 'C:/Users/Petr/Documents/Dvorak/Digital-electronics-1/Labs/Projekt/Projekt/Projekt/Projekt.srcs/sources_1/new/driver_7seg_4digits.vhd'.
Scanning sources...
Finished scanning sources
INFO: [IP_Flow 19-234] Refreshing IP repositories
INFO: [IP_Flow 19-1704] No user IP repositories specified
INFO: [IP_Flow 19-2313] Loaded Vivado IP repository 'E:/Xilinx/Vivado/2020.2/data/ip'.
update_compile_order -fileset sources_1
update_compile_order -fileset sources_1
export_ip_user_files -of_objects  [get_files C:/Users/Petr/Documents/Dvorak/Digital-electronics-1/Labs/Projekt/Projekt/Projekt/Projekt.srcs/sources_1/new/driver_7seg_4digits.vhd] -no_script -reset -force -quiet
remove_files  C:/Users/Petr/Documents/Dvorak/Digital-electronics-1/Labs/Projekt/Projekt/Projekt/Projekt.srcs/sources_1/new/driver_7seg_4digits.vhd
add_files -norecurse {C:/Users/Petr/Documents/Dvorak/Digital-electronics-1/Labs/Projekt/Projekt/Projekt/Projekt.srcs/sources_1/new/door_lock_system.vhd C:/Users/Petr/Documents/Dvorak/Digital-electronics-1/Labs/Projekt/Projekt/Projekt/Projekt.srcs/sources_1/new/mux.vhd C:/Users/Petr/Documents/Dvorak/Digital-electronics-1/Labs/Projekt/Projekt/Projekt/Projekt.srcs/sources_1/new/top.vhd}
update_compile_order -fileset sources_1
update_compile_order -fileset sources_1
update_compile_order -fileset sources_1
exit
INFO: [Common 17-206] Exiting Vivado at Sun May  2 17:44:56 2021...
